<?xml version="1.0" encoding="UTF-8"?>
<!-- Generated by org.testng.reporters.JUnitReportReporter -->
<testsuite skipped="0" hostname="LAPTOP-9O6E1R3M" name="test.Test3" tests="1" failures="0" timestamp="2022-07-01T09:30:12 EDT" time="1.899" errors="0">
  <testcase name="validateMonthDropDownInDueDateSectionHasAll12Months" time="1.899" classname="test.Test3"/>
  <system-out/>
</testsuite> <!-- test.Test3 -->
