<?xml version="1.0" encoding="UTF-8"?>
<!-- Generated by org.testng.reporters.JUnitReportReporter -->
<testsuite skipped="0" hostname="LAPTOP-9O6E1R3M" name="test.Test2" tests="1" failures="0" timestamp="2022-07-01T09:30:01 EDT" time="9.694" errors="0">
  <testcase name="validateUserIsNotAbleToAddDuplicateCategory" time="9.694" classname="test.Test2"/>
  <system-out/>
</testsuite> <!-- test.Test2 -->
