<?xml version="1.0" encoding="UTF-8"?>
<!-- Generated by org.testng.reporters.JUnitReportReporter -->
<testsuite skipped="0" hostname="LAPTOP-9O6E1R3M" name="test.Test1" tests="1" failures="0" timestamp="2022-07-01T09:29:41 EDT" time="4.921" errors="0">
  <testcase name="validateUserCanAddCategoryAndTheCategoryIsDisplayed" time="4.921" classname="test.Test1"/>
  <system-out/>
</testsuite> <!-- test.Test1 -->
